PLINK v1.90b3.45 64-bit (13 Jan 2017)
Options in effect:
  --1
  --allow-no-sex
  --bfile E:\genotypes\chr11
  --out chr11_recode
  --recode A

Hostname: ANTONIS
Working directory: C:\Users\ANTONIS\Desktop\plink
Start time: Mon Feb 13 21:47:21 2017

Random number seed: 1487015241
8087 MB RAM detected; reserving 4043 MB for main workspace.
3603469 variants loaded from .bim file.
152249 people (0 males, 0 females, 152249 ambiguous) loaded from .fam.
Ambiguous sex IDs written to chr11_recode.nosex .
Using 1 thread (no multithreaded calculations invoked).
Before main variant filters, 152249 founders and 0 nonfounders present.
Calculating allele frequencies... done.
Total genotyping rate is 0.995645.
3603469 variants and 152249 people pass filters and QC.
Note: No phenotypes present.
Error: --recode does not yet support multipass recoding of very large files;
contact the PLINK developers if you need this.
For now, you can try using a machine with more memory, and/or split the file
into smaller pieces and recode them separately.

End time: Mon Feb 13 23:07:20 2017
